1516497574.476206 client started (80252): version 2.6, socket /private/tmp/tmux-501/default, protocol 8
1516497574.476243 on Darwin 16.7.0 Darwin Kernel Version 16.7.0: Mon Nov 13 21:56:25 PST 2017; root:xnu-3789.72.11~1/RELEASE_X86_64; libevent 2.1.8-stable (select)
1516497574.476288 socket is /private/tmp/tmux-501/default
1516497574.476307 trying connect
1516497574.476426 add peer 0x7fc69d804c00: 6 (0x0)
1516497574.483206 sending message 100 to peer 0x7fc69d804c00 (4 bytes)
1516497574.483236 sending message 101 to peer 0x7fc69d804c00 (15 bytes)
1516497574.483242 sending message 102 to peer 0x7fc69d804c00 (13 bytes)
1516497574.483248 sending message 108 to peer 0x7fc69d804c00 (21 bytes)
1516497574.483262 sending message 104 to peer 0x7fc69d804c00 (0 bytes)
1516497574.483267 sending message 107 to peer 0x7fc69d804c00 (4 bytes)
1516497574.483272 sending message 105 to peer 0x7fc69d804c00 (17 bytes)
1516497574.483276 sending message 105 to peer 0x7fc69d804c00 (14 bytes)
1516497574.483281 sending message 105 to peer 0x7fc69d804c00 (60 bytes)
1516497574.483286 sending message 105 to peer 0x7fc69d804c00 (22 bytes)
1516497574.483290 sending message 105 to peer 0x7fc69d804c00 (20 bytes)
1516497574.483295 sending message 105 to peer 0x7fc69d804c00 (38 bytes)
1516497574.483299 sending message 105 to peer 0x7fc69d804c00 (61 bytes)
1516497574.483304 sending message 105 to peer 0x7fc69d804c00 (66 bytes)
1516497574.483314 sending message 105 to peer 0x7fc69d804c00 (10 bytes)
1516497574.483319 sending message 105 to peer 0x7fc69d804c00 (32 bytes)
1516497574.483324 sending message 105 to peer 0x7fc69d804c00 (17 bytes)
1516497574.483329 sending message 105 to peer 0x7fc69d804c00 (25 bytes)
1516497574.483333 sending message 105 to peer 0x7fc69d804c00 (17 bytes)
1516497574.483338 sending message 105 to peer 0x7fc69d804c00 (23 bytes)
1516497574.483342 sending message 105 to peer 0x7fc69d804c00 (11 bytes)
1516497574.483347 sending message 105 to peer 0x7fc69d804c00 (27 bytes)
1516497574.483351 sending message 105 to peer 0x7fc69d804c00 (76 bytes)
1516497574.483356 sending message 105 to peer 0x7fc69d804c00 (28 bytes)
1516497574.483360 sending message 105 to peer 0x7fc69d804c00 (57 bytes)
1516497574.483365 sending message 105 to peer 0x7fc69d804c00 (19 bytes)
1516497574.483369 sending message 105 to peer 0x7fc69d804c00 (20 bytes)
1516497574.483374 sending message 105 to peer 0x7fc69d804c00 (26 bytes)
1516497574.483378 sending message 105 to peer 0x7fc69d804c00 (24 bytes)
1516497574.483383 sending message 105 to peer 0x7fc69d804c00 (8 bytes)
1516497574.483387 sending message 105 to peer 0x7fc69d804c00 (14 bytes)
1516497574.483392 sending message 105 to peer 0x7fc69d804c00 (13 bytes)
1516497574.483397 sending message 105 to peer 0x7fc69d804c00 (156 bytes)
1516497574.483401 sending message 105 to peer 0x7fc69d804c00 (19 bytes)
1516497574.483406 sending message 105 to peer 0x7fc69d804c00 (30 bytes)
1516497574.483410 sending message 105 to peer 0x7fc69d804c00 (29 bytes)
1516497574.483415 sending message 105 to peer 0x7fc69d804c00 (12 bytes)
1516497574.483419 sending message 105 to peer 0x7fc69d804c00 (42 bytes)
1516497574.483424 sending message 105 to peer 0x7fc69d804c00 (10 bytes)
1516497574.483429 sending message 105 to peer 0x7fc69d804c00 (609 bytes)
1516497574.483433 sending message 105 to peer 0x7fc69d804c00 (30 bytes)
1516497574.483438 sending message 105 to peer 0x7fc69d804c00 (17 bytes)
1516497574.483442 sending message 105 to peer 0x7fc69d804c00 (21 bytes)
1516497574.483447 sending message 105 to peer 0x7fc69d804c00 (46 bytes)
1516497574.483451 sending message 105 to peer 0x7fc69d804c00 (47 bytes)
1516497574.483459 sending message 105 to peer 0x7fc69d804c00 (21 bytes)
1516497574.483464 sending message 105 to peer 0x7fc69d804c00 (46 bytes)
1516497574.483468 sending message 105 to peer 0x7fc69d804c00 (33 bytes)
1516497574.483473 sending message 105 to peer 0x7fc69d804c00 (41 bytes)
1516497574.483477 sending message 105 to peer 0x7fc69d804c00 (37 bytes)
1516497574.483482 sending message 105 to peer 0x7fc69d804c00 (21 bytes)
1516497574.483486 sending message 105 to peer 0x7fc69d804c00 (42 bytes)
1516497574.483509 sending message 105 to peer 0x7fc69d804c00 (38 bytes)
1516497574.483515 sending message 105 to peer 0x7fc69d804c00 (35 bytes)
1516497574.483519 sending message 105 to peer 0x7fc69d804c00 (59 bytes)
1516497574.483524 sending message 105 to peer 0x7fc69d804c00 (25 bytes)
1516497574.483528 sending message 105 to peer 0x7fc69d804c00 (17 bytes)
1516497574.483533 sending message 105 to peer 0x7fc69d804c00 (29 bytes)
1516497574.483537 sending message 105 to peer 0x7fc69d804c00 (22 bytes)
1516497574.483542 sending message 105 to peer 0x7fc69d804c00 (17 bytes)
1516497574.483546 sending message 105 to peer 0x7fc69d804c00 (15 bytes)
1516497574.483551 sending message 106 to peer 0x7fc69d804c00 (0 bytes)
1516497574.483560 sending message 200 to peer 0x7fc69d804c00 (4 bytes)
1516497574.483565 client loop enter
1516497574.487837 peer 0x7fc69d804c00 message 207
1516497574.487862 sending message 208 to peer 0x7fc69d804c00 (0 bytes)
1516497580.194089 peer 0x7fc69d804c00 message 203
1516497580.194119 sending message 205 to peer 0x7fc69d804c00 (0 bytes)
1516497580.194543 peer 0x7fc69d804c00 message 204
1516497580.194562 client loop exit
